<?xml version="1.0" encoding="UTF-8"?>
<testsuite name="com.bookshare.tests.UITests.SearchBookTests" tests="4" skipped="0" failures="1" errors="0" timestamp="2023-10-04T16:40:15" hostname="LAPTOP-LILIIA" time="22.872">
  <properties/>
  <testcase name="searchBookByAuthorTest" classname="com.bookshare.tests.UITests.SearchBookTests" time="5.86"/>
  <testcase name="searchBookByLanguageTest" classname="com.bookshare.tests.UITests.SearchBookTests" time="3.735"/>
  <testcase name="searchBookByLocationTest" classname="com.bookshare.tests.UITests.SearchBookTests" time="3.803">
    <failure message="java.lang.AssertionError: expected [true] but found [false]" type="java.lang.AssertionError">java.lang.AssertionError: expected [true] but found [false]
	at org.testng.Assert.fail(Assert.java:111)
	at org.testng.Assert.failNotEquals(Assert.java:1578)
	at org.testng.Assert.assertTrue(Assert.java:57)
	at org.testng.Assert.assertTrue(Assert.java:67)
	at com.bookshare.tests.UITests.SearchBookTests.searchBookByLocationTest(SearchBookTests.java:46)
	at java.base/jdk.internal.reflect.NativeMethodAccessorImpl.invoke0(Native Method)
	at java.base/jdk.internal.reflect.NativeMethodAccessorImpl.invoke(NativeMethodAccessorImpl.java:77)
	at java.base/jdk.internal.reflect.DelegatingMethodAccessorImpl.invoke(DelegatingMethodAccessorImpl.java:43)
	at java.base/java.lang.reflect.Method.invoke(Method.java:568)
	at org.testng.internal.invokers.MethodInvocationHelper.invokeMethod(MethodInvocationHelper.java:139)
	at org.testng.internal.invokers.TestInvoker.invokeMethod(TestInvoker.java:664)
	at org.testng.internal.invokers.TestInvoker.invokeTestMethod(TestInvoker.java:227)
	at org.testng.internal.invokers.MethodRunner.runInSequence(MethodRunner.java:50)
	at org.testng.internal.invokers.TestInvoker$MethodInvocationAgent.invoke(TestInvoker.java:957)
	at org.testng.internal.invokers.TestInvoker.invokeTestMethods(TestInvoker.java:200)
	at org.testng.internal.invokers.TestMethodWorker.invokeTestMethods(TestMethodWorker.java:148)
	at org.testng.internal.invokers.TestMethodWorker.run(TestMethodWorker.java:128)
	at java.base/java.util.ArrayList.forEach(ArrayList.java:1511)
	at org.testng.TestRunner.privateRun(TestRunner.java:848)
	at org.testng.TestRunner.run(TestRunner.java:621)
	at org.testng.SuiteRunner.runTest(SuiteRunner.java:443)
	at org.testng.SuiteRunner.runSequentially(SuiteRunner.java:437)
	at org.testng.SuiteRunner.privateRun(SuiteRunner.java:397)
	at org.testng.SuiteRunner.run(SuiteRunner.java:336)
	at org.testng.SuiteRunnerWorker.runSuite(SuiteRunnerWorker.java:52)
	at org.testng.SuiteRunnerWorker.run(SuiteRunnerWorker.java:95)
	at org.testng.TestNG.runSuitesSequentially(TestNG.java:1280)
	at org.testng.TestNG.runSuitesLocally(TestNG.java:1200)
	at org.testng.TestNG.runSuites(TestNG.java:1114)
	at org.testng.TestNG.run(TestNG.java:1082)
	at org.gradle.api.internal.tasks.testing.testng.TestNGTestClassProcessor.runTests(TestNGTestClassProcessor.java:146)
	at org.gradle.api.internal.tasks.testing.testng.TestNGTestClassProcessor.stop(TestNGTestClassProcessor.java:91)
	at org.gradle.api.internal.tasks.testing.SuiteTestClassProcessor.stop(SuiteTestClassProcessor.java:61)
	at java.base/jdk.internal.reflect.NativeMethodAccessorImpl.invoke0(Native Method)
	at java.base/jdk.internal.reflect.NativeMethodAccessorImpl.invoke(NativeMethodAccessorImpl.java:77)
	at java.base/jdk.internal.reflect.DelegatingMethodAccessorImpl.invoke(DelegatingMethodAccessorImpl.java:43)
	at java.base/java.lang.reflect.Method.invoke(Method.java:568)
	at org.gradle.internal.dispatch.ReflectionDispatch.dispatch(ReflectionDispatch.java:36)
	at org.gradle.internal.dispatch.ReflectionDispatch.dispatch(ReflectionDispatch.java:24)
	at org.gradle.internal.dispatch.ContextClassLoaderDispatch.dispatch(ContextClassLoaderDispatch.java:33)
	at org.gradle.internal.dispatch.ProxyDispatchAdapter$DispatchingInvocationHandler.invoke(ProxyDispatchAdapter.java:94)
	at jdk.proxy1/jdk.proxy1.$Proxy2.stop(Unknown Source)
	at org.gradle.api.internal.tasks.testing.worker.TestWorker$3.run(TestWorker.java:193)
	at org.gradle.api.internal.tasks.testing.worker.TestWorker.executeAndMaintainThreadName(TestWorker.java:129)
	at org.gradle.api.internal.tasks.testing.worker.TestWorker.execute(TestWorker.java:100)
	at org.gradle.api.internal.tasks.testing.worker.TestWorker.execute(TestWorker.java:60)
	at org.gradle.process.internal.worker.child.ActionExecutionWorker.execute(ActionExecutionWorker.java:56)
	at org.gradle.process.internal.worker.child.SystemApplicationClassLoaderWorker.call(SystemApplicationClassLoaderWorker.java:133)
	at org.gradle.process.internal.worker.child.SystemApplicationClassLoaderWorker.call(SystemApplicationClassLoaderWorker.java:71)
	at worker.org.gradle.process.internal.worker.GradleWorkerMain.run(GradleWorkerMain.java:69)
	at worker.org.gradle.process.internal.worker.GradleWorkerMain.main(GradleWorkerMain.java:74)
</failure>
  </testcase>
  <testcase name="searchBookByTitleTest" classname="com.bookshare.tests.UITests.SearchBookTests" time="5.77"/>
  <system-out><![CDATA[19:40:14.201 [Test worker] INFO  c.bookshare.tests.UITests.TestBase -- Start test searchBookByAuthorTest with data: []
Dan Brown
19:40:21.204 [Test worker] INFO  c.bookshare.tests.UITests.TestBase -- PASSED: searchBookByAuthorTest
19:40:21.204 [Test worker] INFO  c.bookshare.tests.UITests.TestBase -- Stop test
19:40:21.205 [Test worker] INFO  c.bookshare.tests.UITests.TestBase -- ===============================
19:40:21.212 [Test worker] INFO  c.bookshare.tests.UITests.TestBase -- Start test searchBookByLanguageTest with data: []
19:40:26.050 [Test worker] INFO  c.bookshare.tests.UITests.TestBase -- PASSED: searchBookByLanguageTest
19:40:26.055 [Test worker] INFO  c.bookshare.tests.UITests.TestBase -- Stop test
19:40:26.056 [Test worker] INFO  c.bookshare.tests.UITests.TestBase -- ===============================
19:40:26.064 [Test worker] INFO  c.bookshare.tests.UITests.TestBase -- Start test searchBookByLocationTest with data: []
19:40:31.351 [Test worker] INFO  c.bookshare.tests.UITests.TestBase -- FAILED: searchBookByLocationTest Screenshot: D:\DOCUMENTS\AIT_TR\FINAL_Project\G5_Library_Test_Project\src\screenshots\screen1696437631340.png
19:40:31.352 [Test worker] INFO  c.bookshare.tests.UITests.TestBase -- Stop test
19:40:31.352 [Test worker] INFO  c.bookshare.tests.UITests.TestBase -- ===============================
19:40:31.354 [Test worker] INFO  c.bookshare.tests.UITests.TestBase -- Start test searchBookByTitleTest with data: []
19:40:38.213 [Test worker] INFO  c.bookshare.tests.UITests.TestBase -- PASSED: searchBookByTitleTest
19:40:38.213 [Test worker] INFO  c.bookshare.tests.UITests.TestBase -- Stop test
19:40:38.213 [Test worker] INFO  c.bookshare.tests.UITests.TestBase -- ===============================
]]></system-out>
  <system-err><![CDATA[]]></system-err>
</testsuite>
